<testsuites id="" name="" tests="72" failures="0" skipped="72" errors="0" time="0.352441">
<testsuite name="main-app/image-generation.spec.js" timestamp="2026-04-18T11:55:31.932Z" hostname="main-app-chromium" tests="10" failures="0" skipped="10" time="0" errors="0">
<testcase name="Image Generation Studio › should render image generation interface" classname="main-app/image-generation.spec.js">
<skipped>
</skipped>
</testcase>
<testcase name="Image Generation Studio › should generate image with prompt" classname="main-app/image-generation.spec.js">
<skipped>
</skipped>
</testcase>
<testcase name="Image Generation Studio › should support aspect ratio selection" classname="main-app/image-generation.spec.js">
<skipped>
</skipped>
</testcase>
<testcase name="Image Generation Studio › should support style selection" classname="main-app/image-generation.spec.js">
<skipped>
</skipped>
</testcase>
<testcase name="Image Generation Studio › should support negative prompts" classname="main-app/image-generation.spec.js">
<skipped>
</skipped>
</testcase>
<testcase name="Image Generation Studio › should save generated images" classname="main-app/image-generation.spec.js">
<skipped>
</skipped>
</testcase>
<testcase name="Image Generation Studio › should support batch generation" classname="main-app/image-generation.spec.js">
<skipped>
</skipped>
</testcase>
<testcase name="Image Generation Studio › should handle generation errors gracefully" classname="main-app/image-generation.spec.js">
<skipped>
</skipped>
</testcase>
<testcase name="Image Generation Studio › should support image variations" classname="main-app/image-generation.spec.js">
<skipped>
</skipped>
</testcase>
<testcase name="Image Generation Studio › should support inpainting" classname="main-app/image-generation.spec.js">
<skipped>
</skipped>
</testcase>
</testsuite>
<testsuite name="main-app/video-generation.spec.js" timestamp="2026-04-18T11:55:31.932Z" hostname="main-app-chromium" tests="12" failures="0" skipped="12" time="0" errors="0">
<testcase name="Video Generation Studio › should render video generation interface" classname="main-app/video-generation.spec.js">
<skipped>
</skipped>
</testcase>
<testcase name="Video Generation Studio › should generate video with prompt" classname="main-app/video-generation.spec.js">
<skipped>
</skipped>
</testcase>
<testcase name="Video Generation Studio › should support duration selection" classname="main-app/video-generation.spec.js">
<skipped>
</skipped>
</testcase>
<testcase name="Video Generation Studio › should support aspect ratio selection" classname="main-app/video-generation.spec.js">
<skipped>
</skipped>
</testcase>
<testcase name="Video Generation Studio › should support quality presets" classname="main-app/video-generation.spec.js">
<skipped>
</skipped>
</testcase>
<testcase name="Video Generation Studio › should support text-to-video generation" classname="main-app/video-generation.spec.js">
<skipped>
</skipped>
</testcase>
<testcase name="Video Generation Studio › should support image-to-video generation" classname="main-app/video-generation.spec.js">
<skipped>
</skipped>
</testcase>
<testcase name="Video Generation Studio › should support video-to-video generation" classname="main-app/video-generation.spec.js">
<skipped>
</skipped>
</testcase>
<testcase name="Video Generation Studio › should save generated videos" classname="main-app/video-generation.spec.js">
<skipped>
</skipped>
</testcase>
<testcase name="Video Generation Studio › should support video preview and playback" classname="main-app/video-generation.spec.js">
<skipped>
</skipped>
</testcase>
<testcase name="Video Generation Studio › should handle generation progress" classname="main-app/video-generation.spec.js">
<skipped>
</skipped>
</testcase>
<testcase name="Video Generation Studio › should support advanced settings" classname="main-app/video-generation.spec.js">
<skipped>
</skipped>
</testcase>
</testsuite>
<testsuite name="main-app/image-generation.spec.js" timestamp="2026-04-18T11:55:31.932Z" hostname="main-app-firefox" tests="10" failures="0" skipped="10" time="0" errors="0">
<testcase name="Image Generation Studio › should render image generation interface" classname="main-app/image-generation.spec.js">
<skipped>
</skipped>
</testcase>
<testcase name="Image Generation Studio › should generate image with prompt" classname="main-app/image-generation.spec.js">
<skipped>
</skipped>
</testcase>
<testcase name="Image Generation Studio › should support aspect ratio selection" classname="main-app/image-generation.spec.js">
<skipped>
</skipped>
</testcase>
<testcase name="Image Generation Studio › should support style selection" classname="main-app/image-generation.spec.js">
<skipped>
</skipped>
</testcase>
<testcase name="Image Generation Studio › should support negative prompts" classname="main-app/image-generation.spec.js">
<skipped>
</skipped>
</testcase>
<testcase name="Image Generation Studio › should save generated images" classname="main-app/image-generation.spec.js">
<skipped>
</skipped>
</testcase>
<testcase name="Image Generation Studio › should support batch generation" classname="main-app/image-generation.spec.js">
<skipped>
</skipped>
</testcase>
<testcase name="Image Generation Studio › should handle generation errors gracefully" classname="main-app/image-generation.spec.js">
<skipped>
</skipped>
</testcase>
<testcase name="Image Generation Studio › should support image variations" classname="main-app/image-generation.spec.js">
<skipped>
</skipped>
</testcase>
<testcase name="Image Generation Studio › should support inpainting" classname="main-app/image-generation.spec.js">
<skipped>
</skipped>
</testcase>
</testsuite>
<testsuite name="main-app/video-generation.spec.js" timestamp="2026-04-18T11:55:31.932Z" hostname="main-app-firefox" tests="12" failures="0" skipped="12" time="0" errors="0">
<testcase name="Video Generation Studio › should render video generation interface" classname="main-app/video-generation.spec.js">
<skipped>
</skipped>
</testcase>
<testcase name="Video Generation Studio › should generate video with prompt" classname="main-app/video-generation.spec.js">
<skipped>
</skipped>
</testcase>
<testcase name="Video Generation Studio › should support duration selection" classname="main-app/video-generation.spec.js">
<skipped>
</skipped>
</testcase>
<testcase name="Video Generation Studio › should support aspect ratio selection" classname="main-app/video-generation.spec.js">
<skipped>
</skipped>
</testcase>
<testcase name="Video Generation Studio › should support quality presets" classname="main-app/video-generation.spec.js">
<skipped>
</skipped>
</testcase>
<testcase name="Video Generation Studio › should support text-to-video generation" classname="main-app/video-generation.spec.js">
<skipped>
</skipped>
</testcase>
<testcase name="Video Generation Studio › should support image-to-video generation" classname="main-app/video-generation.spec.js">
<skipped>
</skipped>
</testcase>
<testcase name="Video Generation Studio › should support video-to-video generation" classname="main-app/video-generation.spec.js">
<skipped>
</skipped>
</testcase>
<testcase name="Video Generation Studio › should save generated videos" classname="main-app/video-generation.spec.js">
<skipped>
</skipped>
</testcase>
<testcase name="Video Generation Studio › should support video preview and playback" classname="main-app/video-generation.spec.js">
<skipped>
</skipped>
</testcase>
<testcase name="Video Generation Studio › should handle generation progress" classname="main-app/video-generation.spec.js">
<skipped>
</skipped>
</testcase>
<testcase name="Video Generation Studio › should support advanced settings" classname="main-app/video-generation.spec.js">
<skipped>
</skipped>
</testcase>
</testsuite>
<testsuite name="main-app/image-generation.spec.js" timestamp="2026-04-18T11:55:31.932Z" hostname="main-app-mobile" tests="10" failures="0" skipped="10" time="0" errors="0">
<testcase name="Image Generation Studio › should render image generation interface" classname="main-app/image-generation.spec.js">
<skipped>
</skipped>
</testcase>
<testcase name="Image Generation Studio › should generate image with prompt" classname="main-app/image-generation.spec.js">
<skipped>
</skipped>
</testcase>
<testcase name="Image Generation Studio › should support aspect ratio selection" classname="main-app/image-generation.spec.js">
<skipped>
</skipped>
</testcase>
<testcase name="Image Generation Studio › should support style selection" classname="main-app/image-generation.spec.js">
<skipped>
</skipped>
</testcase>
<testcase name="Image Generation Studio › should support negative prompts" classname="main-app/image-generation.spec.js">
<skipped>
</skipped>
</testcase>
<testcase name="Image Generation Studio › should save generated images" classname="main-app/image-generation.spec.js">
<skipped>
</skipped>
</testcase>
<testcase name="Image Generation Studio › should support batch generation" classname="main-app/image-generation.spec.js">
<skipped>
</skipped>
</testcase>
<testcase name="Image Generation Studio › should handle generation errors gracefully" classname="main-app/image-generation.spec.js">
<skipped>
</skipped>
</testcase>
<testcase name="Image Generation Studio › should support image variations" classname="main-app/image-generation.spec.js">
<skipped>
</skipped>
</testcase>
<testcase name="Image Generation Studio › should support inpainting" classname="main-app/image-generation.spec.js">
<skipped>
</skipped>
</testcase>
</testsuite>
<testsuite name="main-app/video-generation.spec.js" timestamp="2026-04-18T11:55:31.932Z" hostname="main-app-mobile" tests="12" failures="0" skipped="12" time="0" errors="0">
<testcase name="Video Generation Studio › should render video generation interface" classname="main-app/video-generation.spec.js">
<skipped>
</skipped>
</testcase>
<testcase name="Video Generation Studio › should generate video with prompt" classname="main-app/video-generation.spec.js">
<skipped>
</skipped>
</testcase>
<testcase name="Video Generation Studio › should support duration selection" classname="main-app/video-generation.spec.js">
<skipped>
</skipped>
</testcase>
<testcase name="Video Generation Studio › should support aspect ratio selection" classname="main-app/video-generation.spec.js">
<skipped>
</skipped>
</testcase>
<testcase name="Video Generation Studio › should support quality presets" classname="main-app/video-generation.spec.js">
<skipped>
</skipped>
</testcase>
<testcase name="Video Generation Studio › should support text-to-video generation" classname="main-app/video-generation.spec.js">
<skipped>
</skipped>
</testcase>
<testcase name="Video Generation Studio › should support image-to-video generation" classname="main-app/video-generation.spec.js">
<skipped>
</skipped>
</testcase>
<testcase name="Video Generation Studio › should support video-to-video generation" classname="main-app/video-generation.spec.js">
<skipped>
</skipped>
</testcase>
<testcase name="Video Generation Studio › should save generated videos" classname="main-app/video-generation.spec.js">
<skipped>
</skipped>
</testcase>
<testcase name="Video Generation Studio › should support video preview and playback" classname="main-app/video-generation.spec.js">
<skipped>
</skipped>
</testcase>
<testcase name="Video Generation Studio › should handle generation progress" classname="main-app/video-generation.spec.js">
<skipped>
</skipped>
</testcase>
<testcase name="Video Generation Studio › should support advanced settings" classname="main-app/video-generation.spec.js">
<skipped>
</skipped>
</testcase>
</testsuite>
<testsuite name="modules/cinegen-integration.spec.js" timestamp="2026-04-18T11:55:31.932Z" hostname="modules-chromium" tests="6" failures="0" skipped="6" time="0" errors="0">
<testcase name="CineGen Module Integration › should integrate with main app timeline" classname="modules/cinegen-integration.spec.js">
<skipped>
</skipped>
</testcase>
<testcase name="CineGen Module Integration › should handle timeline migration workflows" classname="modules/cinegen-integration.spec.js">
<skipped>
</skipped>
</testcase>
<testcase name="CineGen Module Integration › should support file upload integration" classname="modules/cinegen-integration.spec.js">
<skipped>
</skipped>
</testcase>
<testcase name="CineGen Module Integration › should integrate playback engine" classname="modules/cinegen-integration.spec.js">
<skipped>
</skipped>
</testcase>
<testcase name="CineGen Module Integration › should handle API communication with main app" classname="modules/cinegen-integration.spec.js">
<skipped>
</skipped>
</testcase>
<testcase name="CineGen Module Integration › should support real-time collaboration features" classname="modules/cinegen-integration.spec.js">
<skipped>
</skipped>
</testcase>
</testsuite>
</testsuites>